<?xml version="1.0" encoding="UTF-8"?>
<!-- Generated by org.testng.reporters.JUnitReportReporter -->
<testsuite hostname="LAP--01279834583.local" failures="0" tests="1" name="tests.FanCodeUsersTest" time="2.313" errors="0" timestamp="2024-10-09T19:02:52 IST" skipped="0">
  <testcase classname="tests.FanCodeUsersTest" name="validateFanCodeUsersHaveMoreThan50PercentTasksCompleted" time="2.313"/>
  <system-out/>
</testsuite> <!-- tests.FanCodeUsersTest -->
